2023.05.23 18:53:39 INFO  Started: Metals version 0.11.12 in workspace '/Users/ajinkyaparkar/Documents/leetcode' for client Visual Studio Code 1.70.2.
May 23, 2023 6:53:40 PM org.flywaydb.core.internal.license.VersionPrinter printVersionOnly
INFO: Flyway Community Edition 9.16.3 by Redgate
May 23, 2023 6:53:40 PM org.flywaydb.core.internal.license.VersionPrinter printVersion
INFO: See release notes here: https://rd.gt/416ObMi
May 23, 2023 6:53:40 PM org.flywaydb.core.internal.license.VersionPrinter printVersion
INFO: 
May 23, 2023 6:53:40 PM org.flywaydb.core.internal.database.base.BaseDatabaseType createDatabase
INFO: Database: jdbc:h2:file:/Users/ajinkyaparkar/Documents/leetcode/.metals/metals (H2 2.1)
May 23, 2023 6:53:40 PM org.flywaydb.core.internal.schemahistory.JdbcTableSchemaHistory allAppliedMigrations
INFO: Schema history table "PUBLIC"."flyway_schema_history" does not exist yet
May 23, 2023 6:53:40 PM org.flywaydb.core.internal.command.DbValidate validate
INFO: Successfully validated 4 migrations (execution time 00:00.043s)
May 23, 2023 6:53:40 PM org.flywaydb.core.internal.schemahistory.JdbcTableSchemaHistory create
INFO: Creating Schema History table "PUBLIC"."flyway_schema_history" ...
May 23, 2023 6:53:40 PM org.flywaydb.core.internal.command.DbMigrate migrateGroup
INFO: Current version of schema "PUBLIC": << Empty Schema >>
May 23, 2023 6:53:40 PM org.flywaydb.core.internal.command.DbMigrate doMigrateGroup
INFO: Migrating schema "PUBLIC" to version "1 - Create tables"
May 23, 2023 6:53:40 PM org.flywaydb.core.internal.command.DbMigrate doMigrateGroup
INFO: Migrating schema "PUBLIC" to version "2 - Server discovery"
May 23, 2023 6:53:40 PM org.flywaydb.core.internal.command.DbMigrate doMigrateGroup
INFO: Migrating schema "PUBLIC" to version "3 - Jar symbols"
May 23, 2023 6:53:40 PM org.flywaydb.core.internal.command.DbMigrate doMigrateGroup
INFO: Migrating schema "PUBLIC" to version "4 - Fingerprints"
May 23, 2023 6:53:40 PM org.flywaydb.core.internal.command.DbMigrate logSummary
INFO: Successfully applied 4 migrations to schema "PUBLIC", now at version v4 (execution time 00:00.075s)
2023.05.23 18:53:40 INFO  time: initialize in 0.86s
2023.05.23 18:53:45 WARN  Build server is not auto-connectable.
2023.05.23 18:53:45 WARN  no build tool detected in workspace '/Users/ajinkyaparkar/Documents/leetcode'. The most common cause for this problem is that the editor was opened in the wrong working directory, for example if you use sbt then the workspace directory should contain build.sbt. 
2023.05.23 18:56:18 INFO  
2023.05.23 18:56:18 INFO  Template applied in /Users/ajinkyaparkar/Documents/./hello-world
2023.05.23 18:56:18 INFO  
2023.05.23 18:56:18 INFO  time: ran 'giter8.Giter8' in 6.15s
2023.05.23 18:57:03 INFO  
2023.05.23 18:57:03 INFO  Template applied in /Users/ajinkyaparkar/Documents/leetcode/Scala/./hello-world
2023.05.23 18:57:03 INFO  
2023.05.23 18:57:03 INFO  time: ran 'giter8.Giter8' in 3s
2023.05.23 20:39:21 WARN  no build target for: /Users/ajinkyaparkar/Documents/leetcode/scala-examples/src/main/scala/arrays/TestCodility.scala
May 23, 2023 8:39:22 PM org.eclipse.lsp4j.jsonrpc.RemoteEndpoint fallbackResponseError
SEVERE: Internal error: java.util.NoSuchElementException: BatchedFunction
java.util.concurrent.CompletionException: java.util.NoSuchElementException: BatchedFunction
	at java.base/java.util.concurrent.CompletableFuture.encodeThrowable(CompletableFuture.java:331)
	at java.base/java.util.concurrent.CompletableFuture.completeThrowable(CompletableFuture.java:346)
	at java.base/java.util.concurrent.CompletableFuture$UniAccept.tryFire(CompletableFuture.java:704)
	at java.base/java.util.concurrent.CompletableFuture.postComplete(CompletableFuture.java:506)
	at java.base/java.util.concurrent.CompletableFuture.completeExceptionally(CompletableFuture.java:2088)
	at scala.meta.internal.metals.CancelTokens$.$anonfun$future$1(CancelTokens.scala:40)
	at scala.meta.internal.metals.CancelTokens$.$anonfun$future$1$adapted(CancelTokens.scala:38)
	at scala.concurrent.impl.Promise$Transformation.run(Promise.scala:484)
	at java.base/java.util.concurrent.ThreadPoolExecutor.runWorker(ThreadPoolExecutor.java:1128)
	at java.base/java.util.concurrent.ThreadPoolExecutor$Worker.run(ThreadPoolExecutor.java:628)
	at java.base/java.lang.Thread.run(Thread.java:834)
Caused by: java.util.NoSuchElementException: BatchedFunction
	at scala.meta.internal.metals.BatchedFunction.<init>(BatchedFunction.scala:71)
	at scala.meta.internal.metals.MetalsLspService.<init>(MetalsLspService.scala:282)
	at scala.meta.metals.MetalsLanguageServer.createService(MetalsLanguageServer.scala:195)
	at scala.meta.metals.MetalsLanguageServer.initialize(MetalsLanguageServer.scala:155)
	at java.base/jdk.internal.reflect.NativeMethodAccessorImpl.invoke0(Native Method)
	at java.base/jdk.internal.reflect.NativeMethodAccessorImpl.invoke(NativeMethodAccessorImpl.java:62)
	at java.base/jdk.internal.reflect.DelegatingMethodAccessorImpl.invoke(DelegatingMethodAccessorImpl.java:43)
	at java.base/java.lang.reflect.Method.invoke(Method.java:566)
	at org.eclipse.lsp4j.jsonrpc.services.GenericEndpoint.lambda$null$0(GenericEndpoint.java:65)
	at org.eclipse.lsp4j.jsonrpc.services.GenericEndpoint.request(GenericEndpoint.java:120)
	at org.eclipse.lsp4j.jsonrpc.RemoteEndpoint.handleRequest(RemoteEndpoint.java:261)
	at org.eclipse.lsp4j.jsonrpc.RemoteEndpoint.consume(RemoteEndpoint.java:190)
	at org.eclipse.lsp4j.jsonrpc.json.StreamMessageProducer.handleMessage(StreamMessageProducer.java:194)
	at org.eclipse.lsp4j.jsonrpc.json.StreamMessageProducer.listen(StreamMessageProducer.java:94)
	at org.eclipse.lsp4j.jsonrpc.json.ConcurrentMessageProcessor.run(ConcurrentMessageProcessor.java:113)
	at java.base/java.util.concurrent.Executors$RunnableAdapter.call(Executors.java:515)
	at java.base/java.util.concurrent.FutureTask.run(FutureTask.java:264)
	... 3 more

2023.05.23 20:39:28 INFO  no build target found for /Users/ajinkyaparkar/Documents/leetcode/scala-examples/src/main/scala/arrays/TestCodility.scala. Using presentation compiler with project's scala-library version: 3.2.2
May 23, 2023 8:39:28 PM org.eclipse.lsp4j.jsonrpc.RemoteEndpoint handleCancellation
WARNING: Unmatched cancel notification for request id 10
2023.05.23 20:39:32 INFO  time: code lens generation in 3.72s
2023.05.23 20:39:32 INFO  time: code lens generation in 9.42s
2023.05.23 22:54:34 INFO  Shutting down server
2023.05.23 22:54:34 INFO  shutting down Metals
2023.05.23 22:54:34 INFO  Exiting server
2023.05.24 01:11:28 INFO  Started: Metals version 0.11.12 in workspace '/Users/ajinkyaparkar/Documents/leetcode' for client Visual Studio Code 1.70.2.
May 24, 2023 1:11:28 AM org.flywaydb.core.internal.license.VersionPrinter printVersionOnly
INFO: Flyway Community Edition 9.16.3 by Redgate
May 24, 2023 1:11:28 AM org.flywaydb.core.internal.license.VersionPrinter printVersion
INFO: See release notes here: https://rd.gt/416ObMi
May 24, 2023 1:11:28 AM org.flywaydb.core.internal.license.VersionPrinter printVersion
INFO: 
May 24, 2023 1:11:30 AM org.flywaydb.core.internal.database.base.BaseDatabaseType createDatabase
INFO: Database: jdbc:h2:file:/Users/ajinkyaparkar/Documents/leetcode/.metals/metals (H2 2.1)
May 24, 2023 1:11:30 AM org.flywaydb.core.internal.command.DbValidate validate
INFO: Successfully validated 4 migrations (execution time 00:00.151s)
May 24, 2023 1:11:30 AM org.flywaydb.core.internal.command.DbMigrate migrateGroup
INFO: Current version of schema "PUBLIC": 4
May 24, 2023 1:11:30 AM org.flywaydb.core.internal.command.DbMigrate logSummary
INFO: Schema "PUBLIC" is up to date. No migration necessary.
2023.05.24 01:11:31 INFO  time: initialize in 2.43s
2023.05.24 01:11:35 WARN  Build server is not auto-connectable.
2023.05.24 01:11:35 WARN  no build tool detected in workspace '/Users/ajinkyaparkar/Documents/leetcode'. The most common cause for this problem is that the editor was opened in the wrong working directory, for example if you use sbt then the workspace directory should contain build.sbt. 
May 25, 2023 10:10:51 AM org.eclipse.lsp4j.jsonrpc.services.GenericEndpoint notify
INFO: Unsupported notification method: $/setTrace
May 25, 2023 10:10:53 AM org.eclipse.lsp4j.jsonrpc.services.GenericEndpoint notify
INFO: Unsupported notification method: $/setTrace
May 25, 2023 10:10:53 AM org.eclipse.lsp4j.jsonrpc.services.GenericEndpoint notify
INFO: Unsupported notification method: $/setTrace
May 25, 2023 10:10:54 AM org.eclipse.lsp4j.jsonrpc.services.GenericEndpoint notify
INFO: Unsupported notification method: $/setTrace
May 25, 2023 10:10:54 AM org.eclipse.lsp4j.jsonrpc.services.GenericEndpoint notify
INFO: Unsupported notification method: $/setTrace
May 25, 2023 10:10:57 AM org.eclipse.lsp4j.jsonrpc.services.GenericEndpoint notify
INFO: Unsupported notification method: $/setTrace
May 25, 2023 10:10:58 AM org.eclipse.lsp4j.jsonrpc.services.GenericEndpoint notify
INFO: Unsupported notification method: $/setTrace
May 25, 2023 11:17:45 AM org.eclipse.lsp4j.jsonrpc.services.GenericEndpoint notify
INFO: Unsupported notification method: $/setTrace
May 25, 2023 11:17:47 AM org.eclipse.lsp4j.jsonrpc.services.GenericEndpoint notify
INFO: Unsupported notification method: $/setTrace
May 28, 2023 2:50:58 PM org.eclipse.lsp4j.jsonrpc.services.GenericEndpoint notify
INFO: Unsupported notification method: $/setTrace
May 28, 2023 2:50:58 PM org.eclipse.lsp4j.jsonrpc.services.GenericEndpoint notify
INFO: Unsupported notification method: $/setTrace
May 28, 2023 2:51:01 PM org.eclipse.lsp4j.jsonrpc.services.GenericEndpoint notify
INFO: Unsupported notification method: $/setTrace
May 31, 2023 3:25:28 PM org.eclipse.lsp4j.jsonrpc.services.GenericEndpoint notify
INFO: Unsupported notification method: $/setTrace
May 31, 2023 3:25:29 PM org.eclipse.lsp4j.jsonrpc.services.GenericEndpoint notify
INFO: Unsupported notification method: $/setTrace
May 31, 2023 3:25:29 PM org.eclipse.lsp4j.jsonrpc.services.GenericEndpoint notify
INFO: Unsupported notification method: $/setTrace
May 31, 2023 11:25:17 PM org.eclipse.lsp4j.jsonrpc.services.GenericEndpoint notify
INFO: Unsupported notification method: $/setTrace
May 31, 2023 11:25:19 PM org.eclipse.lsp4j.jsonrpc.services.GenericEndpoint notify
INFO: Unsupported notification method: $/setTrace
May 31, 2023 11:25:19 PM org.eclipse.lsp4j.jsonrpc.services.GenericEndpoint notify
INFO: Unsupported notification method: $/setTrace
May 31, 2023 11:25:20 PM org.eclipse.lsp4j.jsonrpc.services.GenericEndpoint notify
INFO: Unsupported notification method: $/setTrace
Jun 06, 2023 1:17:24 PM org.eclipse.lsp4j.jsonrpc.services.GenericEndpoint notify
INFO: Unsupported notification method: $/setTrace
Jun 06, 2023 1:17:25 PM org.eclipse.lsp4j.jsonrpc.services.GenericEndpoint notify
INFO: Unsupported notification method: $/setTrace
Jun 06, 2023 1:17:26 PM org.eclipse.lsp4j.jsonrpc.services.GenericEndpoint notify
INFO: Unsupported notification method: $/setTrace
2023.06.21 12:52:52 INFO  Shutting down server
2023.06.21 12:52:52 INFO  shutting down Metals
2023.06.21 12:52:52 INFO  Exiting server
2023.07.10 12:32:20 INFO  Started: Metals version 0.11.12 in workspace '/Users/ajinkyaparkar/Documents/leetcode' for client Visual Studio Code 1.70.2.
Jul 10, 2023 12:32:21 PM org.flywaydb.core.internal.license.VersionPrinter printVersionOnly
INFO: Flyway Community Edition 9.16.3 by Redgate
Jul 10, 2023 12:32:21 PM org.flywaydb.core.internal.license.VersionPrinter printVersion
INFO: See release notes here: https://rd.gt/416ObMi
Jul 10, 2023 12:32:21 PM org.flywaydb.core.internal.license.VersionPrinter printVersion
INFO: 
Jul 10, 2023 12:32:21 PM org.flywaydb.core.internal.database.base.BaseDatabaseType createDatabase
INFO: Database: jdbc:h2:file:/Users/ajinkyaparkar/Documents/leetcode/.metals/metals (H2 2.1)
Jul 10, 2023 12:32:21 PM org.flywaydb.core.internal.command.DbValidate validate
INFO: Successfully validated 4 migrations (execution time 00:00.028s)
Jul 10, 2023 12:32:21 PM org.flywaydb.core.internal.command.DbMigrate migrateGroup
INFO: Current version of schema "PUBLIC": 4
Jul 10, 2023 12:32:21 PM org.flywaydb.core.internal.command.DbMigrate logSummary
INFO: Schema "PUBLIC" is up to date. No migration necessary.
2023.07.10 12:32:21 INFO  time: initialize in 0.8s
2023.07.10 12:32:23 WARN  Build server is not auto-connectable.
2023.07.10 12:32:23 WARN  no build tool detected in workspace '/Users/ajinkyaparkar/Documents/leetcode'. The most common cause for this problem is that the editor was opened in the wrong working directory, for example if you use sbt then the workspace directory should contain build.sbt. 
2023.07.10 12:32:23 WARN  no build target for: /Users/ajinkyaparkar/Documents/leetcode/Scala/hello-world/src/main/scala/dataStructures.scala
2023.07.10 12:32:27 INFO  no build target found for /Users/ajinkyaparkar/Documents/leetcode/Scala/hello-world/src/main/scala/dataStructures.scala. Using presentation compiler with project's scala-library version: 3.2.2
2023.07.10 12:32:31 INFO  time: code lens generation in 7.6s
2023.07.10 12:33:10 WARN  no build target for: /Users/ajinkyaparkar/Documents/leetcode/Scala/hello-world/src/main/scala/functionalProgramming.scala
2023.07.10 12:39:07 WARN  no build target for: /Users/ajinkyaparkar/Documents/leetcode/Scala/hello-world/src/main/scala/HelloWorld.scala
2023.07.10 12:40:35 WARN  no build target for: /Users/ajinkyaparkar/Documents/leetcode/Scala/hello-world/src/main/scala/ObjectOrientation.scala
2023.07.10 12:41:51 WARN  no build target for: /Users/ajinkyaparkar/Documents/leetcode/Scala/hello-world/src/main/scala/test.scala
2023.07.10 18:19:37 WARN  no build target for: /Users/ajinkyaparkar/Documents/leetcode/Scala/hello-world/.bsp/Untitled-1.scala
2023.07.10 18:19:37 WARN  no build target for: /Users/ajinkyaparkar/Documents/leetcode/Scala/hello-world/.bsp/Untitled-1.scala
2023.07.10 18:19:38 INFO  Shutting down server
2023.07.10 18:19:38 INFO  shutting down Metals
2023.07.10 18:19:38 INFO  Exiting server
2023.07.17 10:30:05 INFO  Started: Metals version 0.11.12 in workspace '/Users/ajinkyaparkar/Documents/leetcode' for client Visual Studio Code 1.70.2.
Jul 17, 2023 10:30:05 AM org.flywaydb.core.internal.license.VersionPrinter printVersionOnly
INFO: Flyway Community Edition 9.16.3 by Redgate
Jul 17, 2023 10:30:05 AM org.flywaydb.core.internal.license.VersionPrinter printVersion
INFO: See release notes here: https://rd.gt/416ObMi
Jul 17, 2023 10:30:05 AM org.flywaydb.core.internal.license.VersionPrinter printVersion
INFO: 
Jul 17, 2023 10:30:07 AM org.flywaydb.core.internal.database.base.BaseDatabaseType createDatabase
INFO: Database: jdbc:h2:file:/Users/ajinkyaparkar/Documents/leetcode/.metals/metals (H2 2.1)
Jul 17, 2023 10:30:07 AM org.flywaydb.core.internal.command.DbValidate validate
INFO: Successfully validated 4 migrations (execution time 00:00.037s)
Jul 17, 2023 10:30:07 AM org.flywaydb.core.internal.command.DbMigrate migrateGroup
INFO: Current version of schema "PUBLIC": 4
Jul 17, 2023 10:30:07 AM org.flywaydb.core.internal.command.DbMigrate logSummary
INFO: Schema "PUBLIC" is up to date. No migration necessary.
2023.07.17 10:30:07 INFO  time: initialize in 2.25s
2023.07.17 10:30:11 WARN  Build server is not auto-connectable.
2023.07.17 10:30:11 WARN  no build tool detected in workspace '/Users/ajinkyaparkar/Documents/leetcode'. The most common cause for this problem is that the editor was opened in the wrong working directory, for example if you use sbt then the workspace directory should contain build.sbt. 
2023.07.17 10:30:11 WARN  no build target for: /Users/ajinkyaparkar/Documents/leetcode/Scala/hello-world/.bsp/Untitled-1.scala
2023.07.17 10:30:17 INFO  no build target found for /Users/ajinkyaparkar/Documents/leetcode/Scala/hello-world/.bsp/Untitled-1.scala. Using presentation compiler with project's scala-library version: 3.2.2
2023.07.20 10:35:14 INFO  
2023.07.20 10:35:14 INFO  Template applied in /Users/ajinkyaparkar/Documents/leetcode/Scala/testUDF/./testudf
2023.07.20 10:35:14 INFO  
2023.07.20 10:35:14 INFO  time: ran 'giter8.Giter8' in 3.5s
2023.07.20 12:13:21 INFO  Shutting down server
2023.07.20 12:13:21 INFO  shutting down Metals
2023.07.20 12:13:23 INFO  Exiting server
